0 info it worked if it ends with ok
1 verbose cli [ '/usr/local/Cellar/node/6.3.1/bin/node',
1 verbose cli   '/usr/local/bin/npm',
1 verbose cli   'run',
1 verbose cli   'start' ]
2 info using npm@3.10.3
3 info using node@v6.3.1
4 verbose run-script [ 'prestart', 'start', 'poststart' ]
5 info lifecycle Mailartisan@~prestart: Mailartisan@
6 silly lifecycle Mailartisan@~prestart: no script for prestart, continuing
7 info lifecycle Mailartisan@~start: Mailartisan@
8 verbose lifecycle Mailartisan@~start: unsafe-perm in lifecycle true
9 verbose lifecycle Mailartisan@~start: PATH: /usr/local/lib/node_modules/npm/bin/node-gyp-bin:/Users/wallysson/www/mailartisan/node_modules/.bin:/usr/local/Cellar/node/6.3.1/bin:/usr/bin:/bin:/usr/sbin:/sbin:/usr/local/bin
10 verbose lifecycle Mailartisan@~start: CWD: /Users/wallysson/www/mailartisan
11 silly lifecycle Mailartisan@~start: Args: [ '-c', '--settings settings.json' ]
12 silly lifecycle Mailartisan@~start: Returned: code: 2  signal: null
13 info lifecycle Mailartisan@~start: Failed to exec start script
14 verbose stack Error: Mailartisan@ start: `--settings settings.json`
14 verbose stack Exit status 2
14 verbose stack     at EventEmitter.<anonymous> (/usr/local/lib/node_modules/npm/lib/utils/lifecycle.js:242:16)
14 verbose stack     at emitTwo (events.js:106:13)
14 verbose stack     at EventEmitter.emit (events.js:191:7)
14 verbose stack     at ChildProcess.<anonymous> (/usr/local/lib/node_modules/npm/lib/utils/spawn.js:40:14)
14 verbose stack     at emitTwo (events.js:106:13)
14 verbose stack     at ChildProcess.emit (events.js:191:7)
14 verbose stack     at maybeClose (internal/child_process.js:852:16)
14 verbose stack     at Process.ChildProcess._handle.onexit (internal/child_process.js:215:5)
15 verbose pkgid Mailartisan@
16 verbose cwd /Users/wallysson/www/mailartisan
17 error Darwin 15.6.0
18 error argv "/usr/local/Cellar/node/6.3.1/bin/node" "/usr/local/bin/npm" "run" "start"
19 error node v6.3.1
20 error npm  v3.10.3
21 error code ELIFECYCLE
22 error Mailartisan@ start: `--settings settings.json`
22 error Exit status 2
23 error Failed at the Mailartisan@ start script '--settings settings.json'.
23 error Make sure you have the latest version of node.js and npm installed.
23 error If you do, this is most likely a problem with the Mailartisan package,
23 error not with npm itself.
23 error Tell the author that this fails on your system:
23 error     --settings settings.json
23 error You can get information on how to open an issue for this project with:
23 error     npm bugs Mailartisan
23 error Or if that isn't available, you can get their info via:
23 error     npm owner ls Mailartisan
23 error There is likely additional logging output above.
24 verbose exit [ 1, true ]
